[16-Feb-2025 08:41:54 Europe/Berlin] Starting pesan-laundry.php execution
[16-Feb-2025 08:41:54 Europe/Berlin] Retrieved agent data for ID: 13
[16-Feb-2025 08:41:54 Europe/Berlin] Retrieved customer data for ID: 15
[16-Feb-2025 08:42:34 Europe/Berlin] Starting pesan-laundry.php execution
[16-Feb-2025 08:42:34 Europe/Berlin] Retrieved agent data for ID: 13
[16-Feb-2025 08:42:34 Europe/Berlin] Retrieved customer data for ID: 15
[16-Feb-2025 09:52:50 Europe/Berlin] Starting pesan-laundry.php execution
[16-Feb-2025 09:52:50 Europe/Berlin] Retrieved agent data for ID: 13
[16-Feb-2025 09:52:50 Europe/Berlin] Retrieved customer data for ID: 15
[16-Feb-2025 09:53:03 Europe/Berlin] Starting pesan-laundry.php execution
[16-Feb-2025 09:53:03 Europe/Berlin] Retrieved agent data for ID: 13
[16-Feb-2025 09:53:03 Europe/Berlin] Retrieved customer data for ID: 15
[16-Feb-2025 09:56:50 Europe/Berlin] Starting pesan-laundry.php execution
[16-Feb-2025 09:56:50 Europe/Berlin] Retrieved agent data for ID: 13
[16-Feb-2025 09:56:50 Europe/Berlin] Retrieved customer data for ID: 15
[16-Feb-2025 09:57:00 Europe/Berlin] Starting pesan-laundry.php execution
[16-Feb-2025 09:57:00 Europe/Berlin] Retrieved agent data for ID: 13
[16-Feb-2025 09:57:00 Europe/Berlin] Retrieved customer data for ID: 15
[16-Feb-2025 09:59:03 Europe/Berlin] Starting pesan-laundry.php execution
[16-Feb-2025 09:59:03 Europe/Berlin] Retrieved agent data for ID: 13
[16-Feb-2025 09:59:03 Europe/Berlin] Retrieved customer data for ID: 15
[16-Feb-2025 09:59:43 Europe/Berlin] Starting pesan-laundry.php execution
[16-Feb-2025 09:59:43 Europe/Berlin] Retrieved agent data for ID: 13
[16-Feb-2025 09:59:43 Europe/Berlin] Retrieved customer data for ID: 15
[16-Feb-2025 10:01:06 Europe/Berlin] Starting pesan-laundry.php execution
[16-Feb-2025 10:01:06 Europe/Berlin] Retrieved agent data for ID: 13
[16-Feb-2025 10:01:06 Europe/Berlin] Retrieved customer data for ID: 15
[16-Feb-2025 10:01:13 Europe/Berlin] Starting pesan-laundry.php execution
[16-Feb-2025 10:01:13 Europe/Berlin] Retrieved agent data for ID: 13
[16-Feb-2025 10:01:13 Europe/Berlin] Retrieved customer data for ID: 15
[16-Feb-2025 10:30:00 Europe/Berlin] Starting pesan-laundry.php execution
[16-Feb-2025 10:30:00 Europe/Berlin] Retrieved agent data for ID: 13
[16-Feb-2025 10:30:00 Europe/Berlin] Retrieved customer data for ID: 15
[16-Feb-2025 10:30:10 Europe/Berlin] Received POST request at 2025-02-16 10:30:10
[16-Feb-2025 10:30:10 Europe/Berlin] POST data: Array
(
    [tipe_layanan] => kiloan
    [alamat] => sfsffdwdwa, adfwfawda
    [jenis] => setrika
    [estimasi_item] => 86
    [catatan] => 
    [pesanKiloan] => true
    [X-Requested-With] => XMLHttpRequest
)

[16-Feb-2025 10:30:10 Europe/Berlin] Files: Array
(
)

[16-Feb-2025 10:30:10 Europe/Berlin] Starting pesan-laundry.php execution
[16-Feb-2025 10:30:10 Europe/Berlin] Retrieved agent data for ID: 13
[16-Feb-2025 10:30:10 Europe/Berlin] Retrieved customer data for ID: 15
[16-Feb-2025 10:30:10 Europe/Berlin] Processing kiloan order. POST data: Array
(
    [tipe_layanan] => kiloan
    [alamat] => sfsffdwdwa, adfwfawda
    [jenis] => setrika
    [estimasi_item] => 86
    [catatan] => 
    [pesanKiloan] => true
    [X-Requested-With] => XMLHttpRequest
)

[16-Feb-2025 10:30:10 Europe/Berlin] Successfully created kiloan order with ID: 12
[16-Feb-2025 10:30:10 Europe/Berlin] PHP Warning:  Cannot modify header information - headers already sent by (output started at C:\xampp\htdocs\pelakorku\pesan-laundry.php:107) in C:\xampp\htdocs\pelakorku\pesan-laundry.php on line 514
[16-Feb-2025 10:30:23 Europe/Berlin] Received POST request at 2025-02-16 10:30:23
[16-Feb-2025 10:30:23 Europe/Berlin] POST data: Array
(
    [tipe_layanan] => satuan
    [alamat] => sfsffdwdwa, adfwfawda
    [jenis] => cuci
    [item] => Array
        (
            [21] => 6
            [22] => 0
            [23] => 0
            [24] => 0
            [25] => 0
            [26] => 0
        )

    [catatan] => 
    [pesanSatuan] => true
    [X-Requested-With] => XMLHttpRequest
)

[16-Feb-2025 10:30:23 Europe/Berlin] Files: Array
(
)

[16-Feb-2025 10:30:23 Europe/Berlin] Starting pesan-laundry.php execution
[16-Feb-2025 10:30:23 Europe/Berlin] Retrieved agent data for ID: 13
[16-Feb-2025 10:30:23 Europe/Berlin] Retrieved customer data for ID: 15
[16-Feb-2025 10:30:23 Europe/Berlin] Processing satuan order. POST data: Array
(
    [tipe_layanan] => satuan
    [alamat] => sfsffdwdwa, adfwfawda
    [jenis] => cuci
    [item] => Array
        (
            [21] => 6
            [22] => 0
            [23] => 0
            [24] => 0
            [25] => 0
            [26] => 0
        )

    [catatan] => 
    [pesanSatuan] => true
    [X-Requested-With] => XMLHttpRequest
)

[16-Feb-2025 10:30:23 Europe/Berlin] Created main order with ID: 13
[16-Feb-2025 10:30:23 Europe/Berlin] Adding item: Satuan ID 21, Qty 6, Price 5000
[16-Feb-2025 10:30:23 Europe/Berlin] Updating total items to: 6
[16-Feb-2025 10:30:23 Europe/Berlin] PHP Warning:  Cannot modify header information - headers already sent by (output started at C:\xampp\htdocs\pelakorku\pesan-laundry.php:107) in C:\xampp\htdocs\pelakorku\pesan-laundry.php on line 606
[16-Feb-2025 10:30:31 Europe/Berlin] Received POST request at 2025-02-16 10:30:31
[16-Feb-2025 10:30:31 Europe/Berlin] POST data: Array
(
    [tipe_layanan] => satuan
    [alamat] => sfsffdwdwa, adfwfawda
    [jenis] => cuci
    [item] => Array
        (
            [21] => 6
            [22] => 0
            [23] => 0
            [24] => 0
            [25] => 0
            [26] => 0
        )

    [catatan] => 
    [pesanSatuan] => true
    [X-Requested-With] => XMLHttpRequest
)

[16-Feb-2025 10:30:31 Europe/Berlin] Files: Array
(
)

[16-Feb-2025 10:30:31 Europe/Berlin] Starting pesan-laundry.php execution
[16-Feb-2025 10:30:31 Europe/Berlin] Retrieved agent data for ID: 13
[16-Feb-2025 10:30:31 Europe/Berlin] Retrieved customer data for ID: 15
[16-Feb-2025 10:30:31 Europe/Berlin] Processing satuan order. POST data: Array
(
    [tipe_layanan] => satuan
    [alamat] => sfsffdwdwa, adfwfawda
    [jenis] => cuci
    [item] => Array
        (
            [21] => 6
            [22] => 0
            [23] => 0
            [24] => 0
            [25] => 0
            [26] => 0
        )

    [catatan] => 
    [pesanSatuan] => true
    [X-Requested-With] => XMLHttpRequest
)

[16-Feb-2025 10:30:31 Europe/Berlin] Created main order with ID: 14
[16-Feb-2025 10:30:31 Europe/Berlin] Adding item: Satuan ID 21, Qty 6, Price 5000
[16-Feb-2025 10:30:31 Europe/Berlin] Updating total items to: 6
[16-Feb-2025 10:30:31 Europe/Berlin] PHP Warning:  Cannot modify header information - headers already sent by (output started at C:\xampp\htdocs\pelakorku\pesan-laundry.php:107) in C:\xampp\htdocs\pelakorku\pesan-laundry.php on line 606
[16-Feb-2025 10:33:31 Europe/Berlin] Received POST request at 2025-02-16 10:33:31
[16-Feb-2025 10:33:31 Europe/Berlin] POST data: Array
(
    [tipe_layanan] => satuan
    [alamat] => sfsffdwdwa, adfwfawda
    [jenis] => cuci
    [item] => Array
        (
            [21] => 6
            [22] => 0
            [23] => 0
            [24] => 0
            [25] => 0
            [26] => 0
        )

    [catatan] => 
    [pesanSatuan] => true
    [X-Requested-With] => XMLHttpRequest
)

[16-Feb-2025 10:33:31 Europe/Berlin] Files: Array
(
)

[16-Feb-2025 10:33:31 Europe/Berlin] Starting pesan-laundry.php execution
[16-Feb-2025 10:33:31 Europe/Berlin] Retrieved agent data for ID: 13
[16-Feb-2025 10:33:31 Europe/Berlin] Retrieved customer data for ID: 15
[16-Feb-2025 10:33:31 Europe/Berlin] Processing satuan order. POST data: Array
(
    [tipe_layanan] => satuan
    [alamat] => sfsffdwdwa, adfwfawda
    [jenis] => cuci
    [item] => Array
        (
            [21] => 6
            [22] => 0
            [23] => 0
            [24] => 0
            [25] => 0
            [26] => 0
        )

    [catatan] => 
    [pesanSatuan] => true
    [X-Requested-With] => XMLHttpRequest
)

[16-Feb-2025 10:33:32 Europe/Berlin] Created main order with ID: 15
[16-Feb-2025 10:33:32 Europe/Berlin] Adding item: Satuan ID 21, Qty 6, Price 5000
[16-Feb-2025 10:33:32 Europe/Berlin] Updating total items to: 6
[16-Feb-2025 10:33:32 Europe/Berlin] PHP Warning:  Cannot modify header information - headers already sent by (output started at C:\xampp\htdocs\pelakorku\pesan-laundry.php:107) in C:\xampp\htdocs\pelakorku\pesan-laundry.php on line 606
[16-Feb-2025 10:53:13 Europe/Berlin] Starting pesan-laundry.php execution
[16-Feb-2025 10:53:13 Europe/Berlin] Retrieved agent data for ID: 13
[16-Feb-2025 10:53:13 Europe/Berlin] Retrieved customer data for ID: 15
[16-Feb-2025 10:53:32 Europe/Berlin] Received POST request at 2025-02-16 10:53:32
[16-Feb-2025 10:53:32 Europe/Berlin] POST data: Array
(
    [tipe_layanan] => satuan
    [alamat] => sfsffdwdwa, adfwfawda
    [jenis] => setrika
    [item] => Array
        (
            [21] => 10
            [22] => 0
            [23] => 0
            [24] => 0
            [25] => 0
            [26] => 0
        )

    [catatan] => 
    [pesanSatuan] => true
)

[16-Feb-2025 10:53:32 Europe/Berlin] Starting pesan-laundry.php execution
[16-Feb-2025 10:53:32 Europe/Berlin] Retrieved agent data for ID: 13
[16-Feb-2025 10:53:32 Europe/Berlin] Retrieved customer data for ID: 15
[16-Feb-2025 10:53:32 Europe/Berlin] Processing satuan order. POST data: Array
(
    [tipe_layanan] => satuan
    [alamat] => sfsffdwdwa, adfwfawda
    [jenis] => setrika
    [item] => Array
        (
            [21] => 10
            [22] => 0
            [23] => 0
            [24] => 0
            [25] => 0
            [26] => 0
        )

    [catatan] => 
    [pesanSatuan] => true
)

[16-Feb-2025 10:53:32 Europe/Berlin] Created main order with ID: 16
[16-Feb-2025 10:53:32 Europe/Berlin] Adding item: Satuan ID 21, Qty 10, Price 4000
[16-Feb-2025 10:53:32 Europe/Berlin] Updating total items to: 10
[16-Feb-2025 11:03:11 Europe/Berlin] Starting pesan-laundry.php execution
[16-Feb-2025 11:03:11 Europe/Berlin] Retrieved agent data for ID: 13
[16-Feb-2025 11:03:11 Europe/Berlin] Retrieved customer data for ID: 15
[16-Feb-2025 11:03:22 Europe/Berlin] Received POST request at 2025-02-16 11:03:22
[16-Feb-2025 11:03:22 Europe/Berlin] POST data: Array
(
    [tipe_layanan] => satuan
    [alamat] => sfsffdwdwa, adfwfawda
    [jenis] => cuci
    [item] => Array
        (
            [21] => 10
            [22] => 0
            [23] => 0
            [24] => 0
            [25] => 0
            [26] => 0
        )

    [catatan] => 
    [pesanSatuan] => true
)

[16-Feb-2025 11:03:22 Europe/Berlin] Starting pesan-laundry.php execution
[16-Feb-2025 11:03:22 Europe/Berlin] Retrieved agent data for ID: 13
[16-Feb-2025 11:03:22 Europe/Berlin] Retrieved customer data for ID: 15
[16-Feb-2025 11:03:22 Europe/Berlin] Processing satuan order. POST data: Array
(
    [tipe_layanan] => satuan
    [alamat] => sfsffdwdwa, adfwfawda
    [jenis] => cuci
    [item] => Array
        (
            [21] => 10
            [22] => 0
            [23] => 0
            [24] => 0
            [25] => 0
            [26] => 0
        )

    [catatan] => 
    [pesanSatuan] => true
)

[16-Feb-2025 11:03:22 Europe/Berlin] Created main order with ID: 17
[16-Feb-2025 11:03:22 Europe/Berlin] Adding item: Satuan ID 21, Qty 10, Price 5000
[16-Feb-2025 11:03:22 Europe/Berlin] Updating total items to: 10
[16-Feb-2025 11:03:22 Europe/Berlin] PHP Warning:  Cannot modify header information - headers already sent by (output started at C:\xampp\htdocs\pelakorku\pesan-laundry.php:105) in C:\xampp\htdocs\pelakorku\pesan-laundry.php on line 589
[16-Feb-2025 13:23:52 Europe/Berlin] PHP Warning:  Undefined variable $agen in C:\xampp\htdocs\pelakorku\pesan-laundry.php on line 56
[16-Feb-2025 13:23:52 Europe/Berlin] PHP Warning:  Trying to access array offset on value of type null in C:\xampp\htdocs\pelakorku\pesan-laundry.php on line 56
[16-Feb-2025 13:23:52 Europe/Berlin] PHP Warning:  Undefined variable $agen in C:\xampp\htdocs\pelakorku\pesan-laundry.php on line 59
[16-Feb-2025 13:23:52 Europe/Berlin] PHP Warning:  Trying to access array offset on value of type null in C:\xampp\htdocs\pelakorku\pesan-laundry.php on line 59
[16-Feb-2025 13:23:52 Europe/Berlin] PHP Warning:  Undefined variable $agen in C:\xampp\htdocs\pelakorku\pesan-laundry.php on line 62
[16-Feb-2025 13:23:52 Europe/Berlin] PHP Warning:  Trying to access array offset on value of type null in C:\xampp\htdocs\pelakorku\pesan-laundry.php on line 62
[16-Feb-2025 13:23:52 Europe/Berlin] PHP Warning:  Undefined variable $agen in C:\xampp\htdocs\pelakorku\pesan-laundry.php on line 62
[16-Feb-2025 13:23:52 Europe/Berlin] PHP Warning:  Trying to access array offset on value of type null in C:\xampp\htdocs\pelakorku\pesan-laundry.php on line 62
[16-Feb-2025 13:23:52 Europe/Berlin] PHP Warning:  Undefined variable $agen in C:\xampp\htdocs\pelakorku\pesan-laundry.php on line 63
[16-Feb-2025 13:23:52 Europe/Berlin] PHP Warning:  Trying to access array offset on value of type null in C:\xampp\htdocs\pelakorku\pesan-laundry.php on line 63
[16-Feb-2025 13:23:52 Europe/Berlin] PHP Warning:  Undefined variable $pelanggan in C:\xampp\htdocs\pelakorku\pesan-laundry.php on line 73
[16-Feb-2025 13:23:52 Europe/Berlin] PHP Warning:  Trying to access array offset on value of type null in C:\xampp\htdocs\pelakorku\pesan-laundry.php on line 73
[16-Feb-2025 13:23:52 Europe/Berlin] PHP Warning:  Undefined variable $pelanggan in C:\xampp\htdocs\pelakorku\pesan-laundry.php on line 77
[16-Feb-2025 13:23:52 Europe/Berlin] PHP Warning:  Trying to access array offset on value of type null in C:\xampp\htdocs\pelakorku\pesan-laundry.php on line 77
[16-Feb-2025 13:23:52 Europe/Berlin] PHP Warning:  Undefined variable $pelanggan in C:\xampp\htdocs\pelakorku\pesan-laundry.php on line 81
[16-Feb-2025 13:23:52 Europe/Berlin] PHP Warning:  Trying to access array offset on value of type null in C:\xampp\htdocs\pelakorku\pesan-laundry.php on line 81
[16-Feb-2025 13:23:52 Europe/Berlin] PHP Warning:  Undefined variable $pelanggan in C:\xampp\htdocs\pelakorku\pesan-laundry.php on line 81
[16-Feb-2025 13:23:52 Europe/Berlin] PHP Warning:  Trying to access array offset on value of type null in C:\xampp\htdocs\pelakorku\pesan-laundry.php on line 81
[16-Feb-2025 13:23:52 Europe/Berlin] PHP Warning:  Undefined variable $idAgen in C:\xampp\htdocs\pelakorku\pesan-laundry.php on line 107
[16-Feb-2025 13:23:52 Europe/Berlin] PHP Fatal error:  Uncaught TypeError: mysqli_query(): Argument #1 ($mysql) must be of type mysqli, null given in C:\xampp\htdocs\pelakorku\pesan-laundry.php:107
Stack trace:
#0 C:\xampp\htdocs\pelakorku\pesan-laundry.php(107): mysqli_query(NULL, 'SELECT * FROM h...')
#1 {main}
  thrown in C:\xampp\htdocs\pelakorku\pesan-laundry.php on line 107
[16-Feb-2025 13:24:12 Europe/Berlin] PHP Fatal error:  Uncaught TypeError: mysqli_query(): Argument #1 ($mysql) must be of type mysqli, null given in C:\xampp\htdocs\pelakorku\header.php:14
Stack trace:
#0 C:\xampp\htdocs\pelakorku\header.php(14): mysqli_query(NULL, 'SELECT * FROM p...')
#1 C:\xampp\htdocs\pelakorku\pesan-laundry.php(46): include('C:\\xampp\\htdocs...')
#2 {main}
  thrown in C:\xampp\htdocs\pelakorku\header.php on line 14
[16-Feb-2025 13:24:17 Europe/Berlin] PHP Fatal error:  Uncaught TypeError: mysqli_query(): Argument #1 ($mysql) must be of type mysqli, null given in C:\xampp\htdocs\pelakorku\header.php:14
Stack trace:
#0 C:\xampp\htdocs\pelakorku\header.php(14): mysqli_query(NULL, 'SELECT * FROM p...')
#1 C:\xampp\htdocs\pelakorku\pesan-laundry.php(46): include('C:\\xampp\\htdocs...')
#2 {main}
  thrown in C:\xampp\htdocs\pelakorku\header.php on line 14
[16-Feb-2025 13:24:25 Europe/Berlin] PHP Fatal error:  Uncaught TypeError: mysqli_query(): Argument #1 ($mysql) must be of type mysqli, null given in C:\xampp\htdocs\pelakorku\header.php:14
Stack trace:
#0 C:\xampp\htdocs\pelakorku\header.php(14): mysqli_query(NULL, 'SELECT * FROM p...')
#1 C:\xampp\htdocs\pelakorku\pesan-laundry.php(46): include('C:\\xampp\\htdocs...')
#2 {main}
  thrown in C:\xampp\htdocs\pelakorku\header.php on line 14
[16-Feb-2025 13:25:59 Europe/Berlin] PHP Fatal error:  Uncaught TypeError: mysqli_query(): Argument #1 ($mysql) must be of type mysqli, null given in C:\xampp\htdocs\pelakorku\header.php:14
Stack trace:
#0 C:\xampp\htdocs\pelakorku\header.php(14): mysqli_query(NULL, 'SELECT * FROM p...')
#1 C:\xampp\htdocs\pelakorku\pesan-laundry.php(46): include('C:\\xampp\\htdocs...')
#2 {main}
  thrown in C:\xampp\htdocs\pelakorku\header.php on line 14
[16-Feb-2025 13:28:34 Europe/Berlin] PHP Fatal error:  Uncaught TypeError: mysqli_query(): Argument #1 ($mysql) must be of type mysqli, null given in C:\xampp\htdocs\pelakorku\header.php:14
Stack trace:
#0 C:\xampp\htdocs\pelakorku\header.php(14): mysqli_query(NULL, 'SELECT * FROM p...')
#1 C:\xampp\htdocs\pelakorku\pesan-laundry.php(46): include('C:\\xampp\\htdocs...')
#2 {main}
  thrown in C:\xampp\htdocs\pelakorku\header.php on line 14
[16-Feb-2025 13:28:35 Europe/Berlin] PHP Fatal error:  Uncaught TypeError: mysqli_query(): Argument #1 ($mysql) must be of type mysqli, null given in C:\xampp\htdocs\pelakorku\header.php:14
Stack trace:
#0 C:\xampp\htdocs\pelakorku\header.php(14): mysqli_query(NULL, 'SELECT * FROM p...')
#1 C:\xampp\htdocs\pelakorku\pesan-laundry.php(46): include('C:\\xampp\\htdocs...')
#2 {main}
  thrown in C:\xampp\htdocs\pelakorku\header.php on line 14
[16-Feb-2025 14:55:34 Europe/Berlin] Starting pesan-laundry.php execution
[16-Feb-2025 14:55:34 Europe/Berlin] Retrieved agent data for ID: 13
[16-Feb-2025 14:55:34 Europe/Berlin] Retrieved customer data for ID: 15
[16-Feb-2025 14:55:48 Europe/Berlin] Received POST request at 2025-02-16 14:55:48
[16-Feb-2025 14:55:48 Europe/Berlin] POST data: Array
(
    [tipe_layanan] => satuan
    [alamat] => sfsffdwdwa, adfwfawda
    [jenis] => cuci
    [item] => Array
        (
            [21] => 0
            [22] => 1
            [23] => 0
            [24] => 0
            [25] => 0
            [26] => 0
        )

    [catatan] => 
    [pesanSatuan] => true
    [X-Requested-With] => XMLHttpRequest
)

[16-Feb-2025 14:55:48 Europe/Berlin] Files: Array
(
)

[16-Feb-2025 14:55:48 Europe/Berlin] Starting pesan-laundry.php execution
[16-Feb-2025 14:55:48 Europe/Berlin] Retrieved agent data for ID: 13
[16-Feb-2025 14:55:48 Europe/Berlin] Retrieved customer data for ID: 15
[16-Feb-2025 14:55:48 Europe/Berlin] Processing satuan order. POST data: Array
(
    [tipe_layanan] => satuan
    [alamat] => sfsffdwdwa, adfwfawda
    [jenis] => cuci
    [item] => Array
        (
            [21] => 0
            [22] => 1
            [23] => 0
            [24] => 0
            [25] => 0
            [26] => 0
        )

    [catatan] => 
    [pesanSatuan] => true
    [X-Requested-With] => XMLHttpRequest
)

[16-Feb-2025 14:55:48 Europe/Berlin] Created main order with ID: 18
[16-Feb-2025 14:55:48 Europe/Berlin] Adding item: Satuan ID 22, Qty 1, Price 5000
[16-Feb-2025 14:55:48 Europe/Berlin] Updating total items to: 1
[16-Feb-2025 14:55:48 Europe/Berlin] PHP Warning:  Cannot modify header information - headers already sent by (output started at C:\xampp\htdocs\pelakorku\pesan-laundry.php:107) in C:\xampp\htdocs\pelakorku\pesan-laundry.php on line 606
[16-Feb-2025 15:27:14 Europe/Berlin] Starting pesan-laundry.php execution
[16-Feb-2025 15:27:14 Europe/Berlin] Retrieved agent data for ID: 13
[16-Feb-2025 15:27:14 Europe/Berlin] Retrieved customer data for ID: 15
[16-Feb-2025 15:27:21 Europe/Berlin] Received POST request at 2025-02-16 15:27:21
[16-Feb-2025 15:27:21 Europe/Berlin] POST data: Array
(
    [tipe_layanan] => satuan
    [alamat] => sfsffdwdwa, adfwfawda
    [jenis] => cuci
    [item] => Array
        (
            [21] => 3
            [22] => 0
            [23] => 0
            [24] => 0
            [25] => 0
            [26] => 0
        )

    [catatan] => 
    [pesanSatuan] => true
    [X-Requested-With] => XMLHttpRequest
)

[16-Feb-2025 15:27:21 Europe/Berlin] Files: Array
(
)

[16-Feb-2025 15:27:21 Europe/Berlin] Starting pesan-laundry.php execution
[16-Feb-2025 15:27:21 Europe/Berlin] Retrieved agent data for ID: 13
[16-Feb-2025 15:27:21 Europe/Berlin] Retrieved customer data for ID: 15
[16-Feb-2025 15:27:21 Europe/Berlin] Processing satuan order. POST data: Array
(
    [tipe_layanan] => satuan
    [alamat] => sfsffdwdwa, adfwfawda
    [jenis] => cuci
    [item] => Array
        (
            [21] => 3
            [22] => 0
            [23] => 0
            [24] => 0
            [25] => 0
            [26] => 0
        )

    [catatan] => 
    [pesanSatuan] => true
    [X-Requested-With] => XMLHttpRequest
)

[16-Feb-2025 15:27:21 Europe/Berlin] Created main order with ID: 19
[16-Feb-2025 15:27:21 Europe/Berlin] Adding item: Satuan ID 21, Qty 3, Price 5000
[16-Feb-2025 15:27:21 Europe/Berlin] Updating total items to: 3
[16-Feb-2025 15:27:21 Europe/Berlin] PHP Warning:  Cannot modify header information - headers already sent by (output started at C:\xampp\htdocs\pelakorku\pesan-laundry.php:121) in C:\xampp\htdocs\pelakorku\pesan-laundry.php on line 620
[16-Feb-2025 15:27:27 Europe/Berlin] Received POST request at 2025-02-16 15:27:27
[16-Feb-2025 15:27:27 Europe/Berlin] POST data: Array
(
    [tipe_layanan] => satuan
    [alamat] => sfsffdwdwa, adfwfawda
    [jenis] => cuci
    [item] => Array
        (
            [21] => 3
            [22] => 0
            [23] => 0
            [24] => 0
            [25] => 0
            [26] => 0
        )

    [catatan] => 
    [pesanSatuan] => true
    [X-Requested-With] => XMLHttpRequest
)

[16-Feb-2025 15:27:27 Europe/Berlin] Files: Array
(
)

[16-Feb-2025 15:27:27 Europe/Berlin] Starting pesan-laundry.php execution
[16-Feb-2025 15:27:27 Europe/Berlin] Retrieved agent data for ID: 13
[16-Feb-2025 15:27:27 Europe/Berlin] Retrieved customer data for ID: 15
[16-Feb-2025 15:27:27 Europe/Berlin] Processing satuan order. POST data: Array
(
    [tipe_layanan] => satuan
    [alamat] => sfsffdwdwa, adfwfawda
    [jenis] => cuci
    [item] => Array
        (
            [21] => 3
            [22] => 0
            [23] => 0
            [24] => 0
            [25] => 0
            [26] => 0
        )

    [catatan] => 
    [pesanSatuan] => true
    [X-Requested-With] => XMLHttpRequest
)

[16-Feb-2025 15:27:27 Europe/Berlin] Created main order with ID: 20
[16-Feb-2025 15:27:27 Europe/Berlin] Adding item: Satuan ID 21, Qty 3, Price 5000
[16-Feb-2025 15:27:27 Europe/Berlin] Updating total items to: 3
[16-Feb-2025 15:27:27 Europe/Berlin] PHP Warning:  Cannot modify header information - headers already sent by (output started at C:\xampp\htdocs\pelakorku\pesan-laundry.php:121) in C:\xampp\htdocs\pelakorku\pesan-laundry.php on line 620
[16-Feb-2025 15:28:15 Europe/Berlin] Received POST request at 2025-02-16 15:28:15
[16-Feb-2025 15:28:15 Europe/Berlin] POST data: Array
(
    [tipe_layanan] => kiloan
    [alamat] => sfsffdwdwa, adfwfawda
    [jenis] => komplit
    [estimasi_item] => 10050
    [catatan] => 
    [pesanKiloan] => true
    [X-Requested-With] => XMLHttpRequest
)

[16-Feb-2025 15:28:15 Europe/Berlin] Files: Array
(
)

[16-Feb-2025 15:28:15 Europe/Berlin] Starting pesan-laundry.php execution
[16-Feb-2025 15:28:15 Europe/Berlin] Retrieved agent data for ID: 13
[16-Feb-2025 15:28:15 Europe/Berlin] Retrieved customer data for ID: 15
[16-Feb-2025 15:28:15 Europe/Berlin] Processing kiloan order. POST data: Array
(
    [tipe_layanan] => kiloan
    [alamat] => sfsffdwdwa, adfwfawda
    [jenis] => komplit
    [estimasi_item] => 10050
    [catatan] => 
    [pesanKiloan] => true
    [X-Requested-With] => XMLHttpRequest
)

[16-Feb-2025 15:28:15 Europe/Berlin] Successfully created kiloan order with ID: 21
[16-Feb-2025 15:28:15 Europe/Berlin] PHP Warning:  Cannot modify header information - headers already sent by (output started at C:\xampp\htdocs\pelakorku\pesan-laundry.php:121) in C:\xampp\htdocs\pelakorku\pesan-laundry.php on line 528
[16-Feb-2025 15:32:43 Europe/Berlin] Starting pesan-laundry.php execution
[16-Feb-2025 15:32:43 Europe/Berlin] Retrieved agent data for ID: 13
[16-Feb-2025 15:32:43 Europe/Berlin] Retrieved customer data for ID: 15
[16-Feb-2025 15:32:53 Europe/Berlin] Received POST request at 2025-02-16 15:32:53
[16-Feb-2025 15:32:53 Europe/Berlin] POST data: Array
(
    [tipe_layanan] => satuan
    [alamat] => sfsffdwdwa, adfwfawda
    [jenis] => cuci
    [item] => Array
        (
            [21] => 3
            [22] => 0
            [23] => 0
            [24] => 0
            [25] => 0
            [26] => 0
        )

    [catatan] => 
    [pesanSatuan] => true
    [X-Requested-With] => XMLHttpRequest
)

[16-Feb-2025 15:32:53 Europe/Berlin] Files: Array
(
)

[16-Feb-2025 15:32:53 Europe/Berlin] Starting pesan-laundry.php execution
[16-Feb-2025 15:32:53 Europe/Berlin] Retrieved agent data for ID: 13
[16-Feb-2025 15:32:53 Europe/Berlin] Retrieved customer data for ID: 15
[16-Feb-2025 15:32:53 Europe/Berlin] Processing satuan order. POST data: Array
(
    [tipe_layanan] => satuan
    [alamat] => sfsffdwdwa, adfwfawda
    [jenis] => cuci
    [item] => Array
        (
            [21] => 3
            [22] => 0
            [23] => 0
            [24] => 0
            [25] => 0
            [26] => 0
        )

    [catatan] => 
    [pesanSatuan] => true
    [X-Requested-With] => XMLHttpRequest
)

[16-Feb-2025 15:32:53 Europe/Berlin] Created main order with ID: 22
[16-Feb-2025 15:32:53 Europe/Berlin] Adding item: Satuan ID 21, Qty 3, Price 5000
[16-Feb-2025 15:32:53 Europe/Berlin] Updating total items to: 3
[16-Feb-2025 15:32:53 Europe/Berlin] PHP Warning:  Cannot modify header information - headers already sent by (output started at C:\xampp\htdocs\pelakorku\pesan-laundry.php:121) in C:\xampp\htdocs\pelakorku\pesan-laundry.php on line 634
[16-Feb-2025 15:33:14 Europe/Berlin] Starting pesan-laundry.php execution
[16-Feb-2025 15:33:14 Europe/Berlin] Retrieved agent data for ID: 13
[16-Feb-2025 15:33:14 Europe/Berlin] Retrieved customer data for ID: 15
[16-Feb-2025 15:33:25 Europe/Berlin] Received POST request at 2025-02-16 15:33:25
[16-Feb-2025 15:33:25 Europe/Berlin] POST data: Array
(
    [tipe_layanan] => kiloan
    [alamat] => sfsffdwdwa, adfwfawda
    [jenis] => setrika
    [estimasi_item] => 123
    [catatan] => 
    [pesanKiloan] => true
    [X-Requested-With] => XMLHttpRequest
)

[16-Feb-2025 15:33:25 Europe/Berlin] Files: Array
(
)

[16-Feb-2025 15:33:25 Europe/Berlin] Starting pesan-laundry.php execution
[16-Feb-2025 15:33:25 Europe/Berlin] Retrieved agent data for ID: 13
[16-Feb-2025 15:33:25 Europe/Berlin] Retrieved customer data for ID: 15
[16-Feb-2025 15:33:25 Europe/Berlin] Processing kiloan order. POST data: Array
(
    [tipe_layanan] => kiloan
    [alamat] => sfsffdwdwa, adfwfawda
    [jenis] => setrika
    [estimasi_item] => 123
    [catatan] => 
    [pesanKiloan] => true
    [X-Requested-With] => XMLHttpRequest
)

[16-Feb-2025 15:33:25 Europe/Berlin] Successfully created kiloan order with ID: 23
[16-Feb-2025 15:33:25 Europe/Berlin] PHP Warning:  Cannot modify header information - headers already sent by (output started at C:\xampp\htdocs\pelakorku\pesan-laundry.php:121) in C:\xampp\htdocs\pelakorku\pesan-laundry.php on line 542
[16-Feb-2025 15:33:40 Europe/Berlin] Received POST request at 2025-02-16 15:33:40
[16-Feb-2025 15:33:40 Europe/Berlin] POST data: Array
(
    [tipe_layanan] => satuan
    [alamat] => sfsffdwdwa, adfwfawda
    [jenis] => cuci
    [item] => Array
        (
            [21] => 3
            [22] => 0
            [23] => 0
            [24] => 0
            [25] => 0
            [26] => 0
        )

    [catatan] => 
    [pesanSatuan] => true
    [X-Requested-With] => XMLHttpRequest
)

[16-Feb-2025 15:33:40 Europe/Berlin] Files: Array
(
)

[16-Feb-2025 15:33:40 Europe/Berlin] Starting pesan-laundry.php execution
[16-Feb-2025 15:33:40 Europe/Berlin] Retrieved agent data for ID: 13
[16-Feb-2025 15:33:40 Europe/Berlin] Retrieved customer data for ID: 15
[16-Feb-2025 15:33:40 Europe/Berlin] Processing satuan order. POST data: Array
(
    [tipe_layanan] => satuan
    [alamat] => sfsffdwdwa, adfwfawda
    [jenis] => cuci
    [item] => Array
        (
            [21] => 3
            [22] => 0
            [23] => 0
            [24] => 0
            [25] => 0
            [26] => 0
        )

    [catatan] => 
    [pesanSatuan] => true
    [X-Requested-With] => XMLHttpRequest
)

[16-Feb-2025 15:33:40 Europe/Berlin] Created main order with ID: 24
[16-Feb-2025 15:33:40 Europe/Berlin] Adding item: Satuan ID 21, Qty 3, Price 5000
[16-Feb-2025 15:33:40 Europe/Berlin] Updating total items to: 3
[16-Feb-2025 15:33:40 Europe/Berlin] PHP Warning:  Cannot modify header information - headers already sent by (output started at C:\xampp\htdocs\pelakorku\pesan-laundry.php:121) in C:\xampp\htdocs\pelakorku\pesan-laundry.php on line 634
[16-Feb-2025 15:34:04 Europe/Berlin] Received POST request at 2025-02-16 15:34:04
[16-Feb-2025 15:34:04 Europe/Berlin] POST data: Array
(
    [tipe_layanan] => satuan
    [alamat] => sfsffdwdwa, adfwfawda
    [jenis] => cuci
    [item] => Array
        (
            [21] => 3
            [22] => 0
            [23] => 0
            [24] => 0
            [25] => 0
            [26] => 0
        )

    [catatan] => 
    [pesanSatuan] => true
    [X-Requested-With] => XMLHttpRequest
)

[16-Feb-2025 15:34:04 Europe/Berlin] Files: Array
(
)

[16-Feb-2025 15:34:04 Europe/Berlin] Starting pesan-laundry.php execution
[16-Feb-2025 15:34:04 Europe/Berlin] Retrieved agent data for ID: 13
[16-Feb-2025 15:34:04 Europe/Berlin] Retrieved customer data for ID: 15
[16-Feb-2025 15:34:04 Europe/Berlin] Processing satuan order. POST data: Array
(
    [tipe_layanan] => satuan
    [alamat] => sfsffdwdwa, adfwfawda
    [jenis] => cuci
    [item] => Array
        (
            [21] => 3
            [22] => 0
            [23] => 0
            [24] => 0
            [25] => 0
            [26] => 0
        )

    [catatan] => 
    [pesanSatuan] => true
    [X-Requested-With] => XMLHttpRequest
)

[16-Feb-2025 15:34:04 Europe/Berlin] Created main order with ID: 25
[16-Feb-2025 15:34:04 Europe/Berlin] Adding item: Satuan ID 21, Qty 3, Price 5000
[16-Feb-2025 15:34:04 Europe/Berlin] Updating total items to: 3
[16-Feb-2025 15:34:04 Europe/Berlin] PHP Warning:  Cannot modify header information - headers already sent by (output started at C:\xampp\htdocs\pelakorku\pesan-laundry.php:121) in C:\xampp\htdocs\pelakorku\pesan-laundry.php on line 634
[16-Feb-2025 15:34:33 Europe/Berlin] Received POST request at 2025-02-16 15:34:33
[16-Feb-2025 15:34:33 Europe/Berlin] POST data: Array
(
    [tipe_layanan] => kiloan
    [alamat] => sfsffdwdwa, adfwfawda
    [jenis] => setrika
    [estimasi_item] => 123
    [catatan] => 
    [pesanKiloan] => true
    [X-Requested-With] => XMLHttpRequest
)

[16-Feb-2025 15:34:33 Europe/Berlin] Files: Array
(
)

[16-Feb-2025 15:34:33 Europe/Berlin] Starting pesan-laundry.php execution
[16-Feb-2025 15:34:33 Europe/Berlin] Retrieved agent data for ID: 13
[16-Feb-2025 15:34:33 Europe/Berlin] Retrieved customer data for ID: 15
[16-Feb-2025 15:34:33 Europe/Berlin] Processing kiloan order. POST data: Array
(
    [tipe_layanan] => kiloan
    [alamat] => sfsffdwdwa, adfwfawda
    [jenis] => setrika
    [estimasi_item] => 123
    [catatan] => 
    [pesanKiloan] => true
    [X-Requested-With] => XMLHttpRequest
)

[16-Feb-2025 15:34:33 Europe/Berlin] Successfully created kiloan order with ID: 26
[16-Feb-2025 15:34:33 Europe/Berlin] PHP Warning:  Cannot modify header information - headers already sent by (output started at C:\xampp\htdocs\pelakorku\pesan-laundry.php:121) in C:\xampp\htdocs\pelakorku\pesan-laundry.php on line 542
[16-Feb-2025 15:39:55 Europe/Berlin] Processing POST request
[16-Feb-2025 15:39:55 Europe/Berlin] PHP Fatal error:  Uncaught Error: Call to undefined function processKiloanOrder() in C:\xampp\htdocs\pelakorku\pesan-laundry.php:38
Stack trace:
#0 {main}
  thrown in C:\xampp\htdocs\pelakorku\pesan-laundry.php on line 38
[16-Feb-2025 15:41:00 Europe/Berlin] Processing POST request
[16-Feb-2025 15:41:00 Europe/Berlin] PHP Fatal error:  Uncaught Error: Call to undefined function processSatuanOrder() in C:\xampp\htdocs\pelakorku\pesan-laundry.php:41
Stack trace:
#0 {main}
  thrown in C:\xampp\htdocs\pelakorku\pesan-laundry.php on line 41
[16-Feb-2025 15:46:21 Europe/Berlin] Processing POST request
[16-Feb-2025 15:46:21 Europe/Berlin] PHP Fatal error:  Uncaught Error: Call to undefined function cekPelanggan() in C:\xampp\htdocs\pelakorku\pesan-laundry.php:31
Stack trace:
#0 {main}
  thrown in C:\xampp\htdocs\pelakorku\pesan-laundry.php on line 31
[16-Feb-2025 15:46:32 Europe/Berlin] Processing POST request
[16-Feb-2025 15:46:32 Europe/Berlin] PHP Fatal error:  Uncaught Error: Call to undefined function cekPelanggan() in C:\xampp\htdocs\pelakorku\pesan-laundry.php:31
Stack trace:
#0 {main}
  thrown in C:\xampp\htdocs\pelakorku\pesan-laundry.php on line 31
[16-Feb-2025 15:59:09 Europe/Berlin] Processing POST request
[16-Feb-2025 15:59:09 Europe/Berlin] PHP Fatal error:  Uncaught Error: Call to undefined function cekPelanggan() in C:\xampp\htdocs\pelakorku\pesan-laundry.php:31
Stack trace:
#0 {main}
  thrown in C:\xampp\htdocs\pelakorku\pesan-laundry.php on line 31
