Query: SELECT * FROM transaksi WHERE tgl_mulai BETWEEN '2025-02-02' AND '2025-02-02'
{"kode_transaksi":"26","id_cucian":"15","id_agen":"17","id_pelanggan":"17","tgl_mulai":"2025-02-02","tgl_selesai":"2025-02-02","total_bayar":"0","rating":"8","komentar":"mantap\r\n"}
{"kode_transaksi":"27","id_cucian":"16","id_agen":"17","id_pelanggan":"17","tgl_mulai":"2025-02-02","tgl_selesai":"2025-02-02","total_bayar":"700000","rating":"10","komentar":"mantap"}
{"kode_transaksi":"28","id_cucian":"16","id_agen":"17","id_pelanggan":"17","tgl_mulai":"2025-02-02","tgl_selesai":"2025-02-02","total_bayar":"700000","rating":"2","komentar":"gud"}
{"kode_transaksi":"29","id_cucian":"16","id_agen":"17","id_pelanggan":"17","tgl_mulai":"2025-02-02","tgl_selesai":"2025-02-02","total_bayar":"700000","rating":"10","komentar":"gud"}
{"kode_transaksi":"30","id_cucian":"16","id_agen":"17","id_pelanggan":"17","tgl_mulai":"2025-02-02","tgl_selesai":"2025-02-02","total_bayar":"700000","rating":"8","komentar":"gud"}
{"kode_transaksi":"31","id_cucian":"16","id_agen":"17","id_pelanggan":"17","tgl_mulai":"2025-02-02","tgl_selesai":"2025-02-02","total_bayar":"700000","rating":"10","komentar":"gud"}
{"kode_transaksi":"32","id_cucian":"16","id_agen":"17","id_pelanggan":"17","tgl_mulai":"2025-02-02","tgl_selesai":"2025-02-02","total_bayar":"700000","rating":"10","komentar":"gud"}
{"kode_transaksi":"33","id_cucian":"16","id_agen":"17","id_pelanggan":"17","tgl_mulai":"2025-02-02","tgl_selesai":"2025-02-02","total_bayar":"700000","rating":"8","komentar":"gud"}
{"kode_transaksi":"34","id_cucian":"16","id_agen":"17","id_pelanggan":"17","tgl_mulai":"2025-02-02","tgl_selesai":"2025-02-02","total_bayar":"700000","rating":"6","komentar":"gud"}
{"kode_transaksi":"35","id_cucian":"16","id_agen":"17","id_pelanggan":"17","tgl_mulai":"2025-02-02","tgl_selesai":"2025-02-02","total_bayar":"700000","rating":"10","komentar":"gud"}
{"kode_transaksi":"36","id_cucian":"16","id_agen":"17","id_pelanggan":"17","tgl_mulai":"2025-02-02","tgl_selesai":"2025-02-02","total_bayar":"700000","rating":"8","komentar":"gud"}
{"kode_transaksi":"37","id_cucian":"16","id_agen":"17","id_pelanggan":"17","tgl_mulai":"2025-02-02","tgl_selesai":"2025-02-02","total_bayar":"700000","rating":"6","komentar":"gud"}
{"kode_transaksi":"38","id_cucian":"16","id_agen":"17","id_pelanggan":"17","tgl_mulai":"2025-02-02","tgl_selesai":"2025-02-02","total_bayar":"700000","rating":"10","komentar":"gud"}
{"kode_transaksi":"39","id_cucian":"17","id_agen":"18","id_pelanggan":"17","tgl_mulai":"2025-02-02","tgl_selesai":"2025-02-02","total_bayar":"0","rating":"8","komentar":"ad"}
{"kode_transaksi":"40","id_cucian":"18","id_agen":"18","id_pelanggan":"17","tgl_mulai":"2025-02-02","tgl_selesai":"2025-02-02","total_bayar":"0","rating":"6","komentar":"adw"}
{"kode_transaksi":"41","id_cucian":"19","id_agen":"18","id_pelanggan":"17","tgl_mulai":"2025-02-02","tgl_selesai":"2025-02-02","total_bayar":"0","rating":"8","komentar":"adaw"}
{"kode_transaksi":"42","id_cucian":"20","id_agen":"18","id_pelanggan":"17","tgl_mulai":"2025-02-02","tgl_selesai":"2025-02-02","total_bayar":"700000","rating":"10","komentar":"anjayyyyyyy"}
{"kode_transaksi":"43","id_cucian":"21","id_agen":"18","id_pelanggan":"17","tgl_mulai":"2025-02-02","tgl_selesai":"2025-02-02","total_bayar":"700000","rating":"8","komentar":"anjayyyyyyy"}
Query: SELECT * FROM transaksi WHERE tgl_mulai BETWEEN '2025-02-02' AND '2025-02-02'
{"kode_transaksi":"26","id_cucian":"15","id_agen":"17","id_pelanggan":"17","tgl_mulai":"2025-02-02","tgl_selesai":"2025-02-02","total_bayar":"0","rating":"8","komentar":"mantap\r\n"}
{"kode_transaksi":"27","id_cucian":"16","id_agen":"17","id_pelanggan":"17","tgl_mulai":"2025-02-02","tgl_selesai":"2025-02-02","total_bayar":"700000","rating":"10","komentar":"mantap"}
{"kode_transaksi":"28","id_cucian":"16","id_agen":"17","id_pelanggan":"17","tgl_mulai":"2025-02-02","tgl_selesai":"2025-02-02","total_bayar":"700000","rating":"2","komentar":"gud"}
{"kode_transaksi":"29","id_cucian":"16","id_agen":"17","id_pelanggan":"17","tgl_mulai":"2025-02-02","tgl_selesai":"2025-02-02","total_bayar":"700000","rating":"10","komentar":"gud"}
{"kode_transaksi":"30","id_cucian":"16","id_agen":"17","id_pelanggan":"17","tgl_mulai":"2025-02-02","tgl_selesai":"2025-02-02","total_bayar":"700000","rating":"8","komentar":"gud"}
{"kode_transaksi":"31","id_cucian":"16","id_agen":"17","id_pelanggan":"17","tgl_mulai":"2025-02-02","tgl_selesai":"2025-02-02","total_bayar":"700000","rating":"10","komentar":"gud"}
{"kode_transaksi":"32","id_cucian":"16","id_agen":"17","id_pelanggan":"17","tgl_mulai":"2025-02-02","tgl_selesai":"2025-02-02","total_bayar":"700000","rating":"10","komentar":"gud"}
{"kode_transaksi":"33","id_cucian":"16","id_agen":"17","id_pelanggan":"17","tgl_mulai":"2025-02-02","tgl_selesai":"2025-02-02","total_bayar":"700000","rating":"8","komentar":"gud"}
{"kode_transaksi":"34","id_cucian":"16","id_agen":"17","id_pelanggan":"17","tgl_mulai":"2025-02-02","tgl_selesai":"2025-02-02","total_bayar":"700000","rating":"6","komentar":"gud"}
{"kode_transaksi":"35","id_cucian":"16","id_agen":"17","id_pelanggan":"17","tgl_mulai":"2025-02-02","tgl_selesai":"2025-02-02","total_bayar":"700000","rating":"10","komentar":"gud"}
{"kode_transaksi":"36","id_cucian":"16","id_agen":"17","id_pelanggan":"17","tgl_mulai":"2025-02-02","tgl_selesai":"2025-02-02","total_bayar":"700000","rating":"8","komentar":"gud"}
{"kode_transaksi":"37","id_cucian":"16","id_agen":"17","id_pelanggan":"17","tgl_mulai":"2025-02-02","tgl_selesai":"2025-02-02","total_bayar":"700000","rating":"6","komentar":"gud"}
{"kode_transaksi":"38","id_cucian":"16","id_agen":"17","id_pelanggan":"17","tgl_mulai":"2025-02-02","tgl_selesai":"2025-02-02","total_bayar":"700000","rating":"10","komentar":"gud"}
{"kode_transaksi":"39","id_cucian":"17","id_agen":"18","id_pelanggan":"17","tgl_mulai":"2025-02-02","tgl_selesai":"2025-02-02","total_bayar":"0","rating":"8","komentar":"ad"}
{"kode_transaksi":"40","id_cucian":"18","id_agen":"18","id_pelanggan":"17","tgl_mulai":"2025-02-02","tgl_selesai":"2025-02-02","total_bayar":"0","rating":"6","komentar":"adw"}
{"kode_transaksi":"41","id_cucian":"19","id_agen":"18","id_pelanggan":"17","tgl_mulai":"2025-02-02","tgl_selesai":"2025-02-02","total_bayar":"0","rating":"8","komentar":"adaw"}
{"kode_transaksi":"42","id_cucian":"20","id_agen":"18","id_pelanggan":"17","tgl_mulai":"2025-02-02","tgl_selesai":"2025-02-02","total_bayar":"700000","rating":"10","komentar":"anjayyyyyyy"}
{"kode_transaksi":"43","id_cucian":"21","id_agen":"18","id_pelanggan":"17","tgl_mulai":"2025-02-02","tgl_selesai":"2025-02-02","total_bayar":"700000","rating":"8","komentar":"anjayyyyyyy"}
Query: SELECT * FROM transaksi WHERE tgl_mulai BETWEEN '2025-02-02' AND '2025-02-02'
{"kode_transaksi":"26","id_cucian":"15","id_agen":"17","id_pelanggan":"17","tgl_mulai":"2025-02-02","tgl_selesai":"2025-02-02","total_bayar":"0","rating":"8","komentar":"mantap\r\n"}
{"kode_transaksi":"27","id_cucian":"16","id_agen":"17","id_pelanggan":"17","tgl_mulai":"2025-02-02","tgl_selesai":"2025-02-02","total_bayar":"700000","rating":"10","komentar":"mantap"}
{"kode_transaksi":"28","id_cucian":"16","id_agen":"17","id_pelanggan":"17","tgl_mulai":"2025-02-02","tgl_selesai":"2025-02-02","total_bayar":"700000","rating":"2","komentar":"gud"}
{"kode_transaksi":"29","id_cucian":"16","id_agen":"17","id_pelanggan":"17","tgl_mulai":"2025-02-02","tgl_selesai":"2025-02-02","total_bayar":"700000","rating":"10","komentar":"gud"}
{"kode_transaksi":"30","id_cucian":"16","id_agen":"17","id_pelanggan":"17","tgl_mulai":"2025-02-02","tgl_selesai":"2025-02-02","total_bayar":"700000","rating":"8","komentar":"gud"}
{"kode_transaksi":"31","id_cucian":"16","id_agen":"17","id_pelanggan":"17","tgl_mulai":"2025-02-02","tgl_selesai":"2025-02-02","total_bayar":"700000","rating":"10","komentar":"gud"}
{"kode_transaksi":"32","id_cucian":"16","id_agen":"17","id_pelanggan":"17","tgl_mulai":"2025-02-02","tgl_selesai":"2025-02-02","total_bayar":"700000","rating":"10","komentar":"gud"}
{"kode_transaksi":"33","id_cucian":"16","id_agen":"17","id_pelanggan":"17","tgl_mulai":"2025-02-02","tgl_selesai":"2025-02-02","total_bayar":"700000","rating":"8","komentar":"gud"}
{"kode_transaksi":"34","id_cucian":"16","id_agen":"17","id_pelanggan":"17","tgl_mulai":"2025-02-02","tgl_selesai":"2025-02-02","total_bayar":"700000","rating":"6","komentar":"gud"}
{"kode_transaksi":"35","id_cucian":"16","id_agen":"17","id_pelanggan":"17","tgl_mulai":"2025-02-02","tgl_selesai":"2025-02-02","total_bayar":"700000","rating":"10","komentar":"gud"}
{"kode_transaksi":"36","id_cucian":"16","id_agen":"17","id_pelanggan":"17","tgl_mulai":"2025-02-02","tgl_selesai":"2025-02-02","total_bayar":"700000","rating":"8","komentar":"gud"}
{"kode_transaksi":"37","id_cucian":"16","id_agen":"17","id_pelanggan":"17","tgl_mulai":"2025-02-02","tgl_selesai":"2025-02-02","total_bayar":"700000","rating":"6","komentar":"gud"}
{"kode_transaksi":"38","id_cucian":"16","id_agen":"17","id_pelanggan":"17","tgl_mulai":"2025-02-02","tgl_selesai":"2025-02-02","total_bayar":"700000","rating":"10","komentar":"gud"}
{"kode_transaksi":"39","id_cucian":"17","id_agen":"18","id_pelanggan":"17","tgl_mulai":"2025-02-02","tgl_selesai":"2025-02-02","total_bayar":"0","rating":"8","komentar":"ad"}
{"kode_transaksi":"40","id_cucian":"18","id_agen":"18","id_pelanggan":"17","tgl_mulai":"2025-02-02","tgl_selesai":"2025-02-02","total_bayar":"0","rating":"6","komentar":"adw"}
{"kode_transaksi":"41","id_cucian":"19","id_agen":"18","id_pelanggan":"17","tgl_mulai":"2025-02-02","tgl_selesai":"2025-02-02","total_bayar":"0","rating":"8","komentar":"adaw"}
{"kode_transaksi":"42","id_cucian":"20","id_agen":"18","id_pelanggan":"17","tgl_mulai":"2025-02-02","tgl_selesai":"2025-02-02","total_bayar":"700000","rating":"10","komentar":"anjayyyyyyy"}
{"kode_transaksi":"43","id_cucian":"21","id_agen":"18","id_pelanggan":"17","tgl_mulai":"2025-02-02","tgl_selesai":"2025-02-02","total_bayar":"700000","rating":"8","komentar":"anjayyyyyyy"}
Query: SELECT * FROM transaksi WHERE tgl_mulai BETWEEN '2025-02-02' AND '2025-02-02'
{"kode_transaksi":"26","id_cucian":"15","id_agen":"17","id_pelanggan":"17","tgl_mulai":"2025-02-02","tgl_selesai":"2025-02-02","total_bayar":"0","rating":"8","komentar":"mantap\r\n"}
{"kode_transaksi":"27","id_cucian":"16","id_agen":"17","id_pelanggan":"17","tgl_mulai":"2025-02-02","tgl_selesai":"2025-02-02","total_bayar":"700000","rating":"10","komentar":"mantap"}
{"kode_transaksi":"28","id_cucian":"16","id_agen":"17","id_pelanggan":"17","tgl_mulai":"2025-02-02","tgl_selesai":"2025-02-02","total_bayar":"700000","rating":"2","komentar":"gud"}
{"kode_transaksi":"29","id_cucian":"16","id_agen":"17","id_pelanggan":"17","tgl_mulai":"2025-02-02","tgl_selesai":"2025-02-02","total_bayar":"700000","rating":"10","komentar":"gud"}
{"kode_transaksi":"30","id_cucian":"16","id_agen":"17","id_pelanggan":"17","tgl_mulai":"2025-02-02","tgl_selesai":"2025-02-02","total_bayar":"700000","rating":"8","komentar":"gud"}
{"kode_transaksi":"31","id_cucian":"16","id_agen":"17","id_pelanggan":"17","tgl_mulai":"2025-02-02","tgl_selesai":"2025-02-02","total_bayar":"700000","rating":"10","komentar":"gud"}
{"kode_transaksi":"32","id_cucian":"16","id_agen":"17","id_pelanggan":"17","tgl_mulai":"2025-02-02","tgl_selesai":"2025-02-02","total_bayar":"700000","rating":"10","komentar":"gud"}
{"kode_transaksi":"33","id_cucian":"16","id_agen":"17","id_pelanggan":"17","tgl_mulai":"2025-02-02","tgl_selesai":"2025-02-02","total_bayar":"700000","rating":"8","komentar":"gud"}
{"kode_transaksi":"34","id_cucian":"16","id_agen":"17","id_pelanggan":"17","tgl_mulai":"2025-02-02","tgl_selesai":"2025-02-02","total_bayar":"700000","rating":"6","komentar":"gud"}
{"kode_transaksi":"35","id_cucian":"16","id_agen":"17","id_pelanggan":"17","tgl_mulai":"2025-02-02","tgl_selesai":"2025-02-02","total_bayar":"700000","rating":"10","komentar":"gud"}
{"kode_transaksi":"36","id_cucian":"16","id_agen":"17","id_pelanggan":"17","tgl_mulai":"2025-02-02","tgl_selesai":"2025-02-02","total_bayar":"700000","rating":"8","komentar":"gud"}
{"kode_transaksi":"37","id_cucian":"16","id_agen":"17","id_pelanggan":"17","tgl_mulai":"2025-02-02","tgl_selesai":"2025-02-02","total_bayar":"700000","rating":"6","komentar":"gud"}
{"kode_transaksi":"38","id_cucian":"16","id_agen":"17","id_pelanggan":"17","tgl_mulai":"2025-02-02","tgl_selesai":"2025-02-02","total_bayar":"700000","rating":"10","komentar":"gud"}
{"kode_transaksi":"39","id_cucian":"17","id_agen":"18","id_pelanggan":"17","tgl_mulai":"2025-02-02","tgl_selesai":"2025-02-02","total_bayar":"0","rating":"8","komentar":"ad"}
{"kode_transaksi":"40","id_cucian":"18","id_agen":"18","id_pelanggan":"17","tgl_mulai":"2025-02-02","tgl_selesai":"2025-02-02","total_bayar":"0","rating":"6","komentar":"adw"}
{"kode_transaksi":"41","id_cucian":"19","id_agen":"18","id_pelanggan":"17","tgl_mulai":"2025-02-02","tgl_selesai":"2025-02-02","total_bayar":"0","rating":"8","komentar":"adaw"}
{"kode_transaksi":"42","id_cucian":"20","id_agen":"18","id_pelanggan":"17","tgl_mulai":"2025-02-02","tgl_selesai":"2025-02-02","total_bayar":"700000","rating":"10","komentar":"anjayyyyyyy"}
{"kode_transaksi":"43","id_cucian":"21","id_agen":"18","id_pelanggan":"17","tgl_mulai":"2025-02-02","tgl_selesai":"2025-02-02","total_bayar":"700000","rating":"8","komentar":"anjayyyyyyy"}
Query: SELECT * FROM transaksi WHERE tgl_mulai BETWEEN '2025-02-02' AND '2025-02-03'
{"kode_transaksi":"26","id_cucian":"15","id_agen":"17","id_pelanggan":"17","tgl_mulai":"2025-02-02","tgl_selesai":"2025-02-02","total_bayar":"0","rating":"8","komentar":"mantap\r\n"}
{"kode_transaksi":"27","id_cucian":"16","id_agen":"17","id_pelanggan":"17","tgl_mulai":"2025-02-02","tgl_selesai":"2025-02-02","total_bayar":"700000","rating":"10","komentar":"mantap"}
{"kode_transaksi":"28","id_cucian":"16","id_agen":"17","id_pelanggan":"17","tgl_mulai":"2025-02-02","tgl_selesai":"2025-02-02","total_bayar":"700000","rating":"2","komentar":"gud"}
{"kode_transaksi":"29","id_cucian":"16","id_agen":"17","id_pelanggan":"17","tgl_mulai":"2025-02-02","tgl_selesai":"2025-02-02","total_bayar":"700000","rating":"10","komentar":"gud"}
{"kode_transaksi":"30","id_cucian":"16","id_agen":"17","id_pelanggan":"17","tgl_mulai":"2025-02-02","tgl_selesai":"2025-02-02","total_bayar":"700000","rating":"8","komentar":"gud"}
{"kode_transaksi":"31","id_cucian":"16","id_agen":"17","id_pelanggan":"17","tgl_mulai":"2025-02-02","tgl_selesai":"2025-02-02","total_bayar":"700000","rating":"10","komentar":"gud"}
{"kode_transaksi":"32","id_cucian":"16","id_agen":"17","id_pelanggan":"17","tgl_mulai":"2025-02-02","tgl_selesai":"2025-02-02","total_bayar":"700000","rating":"10","komentar":"gud"}
{"kode_transaksi":"33","id_cucian":"16","id_agen":"17","id_pelanggan":"17","tgl_mulai":"2025-02-02","tgl_selesai":"2025-02-02","total_bayar":"700000","rating":"8","komentar":"gud"}
{"kode_transaksi":"34","id_cucian":"16","id_agen":"17","id_pelanggan":"17","tgl_mulai":"2025-02-02","tgl_selesai":"2025-02-02","total_bayar":"700000","rating":"6","komentar":"gud"}
{"kode_transaksi":"35","id_cucian":"16","id_agen":"17","id_pelanggan":"17","tgl_mulai":"2025-02-02","tgl_selesai":"2025-02-02","total_bayar":"700000","rating":"10","komentar":"gud"}
{"kode_transaksi":"36","id_cucian":"16","id_agen":"17","id_pelanggan":"17","tgl_mulai":"2025-02-02","tgl_selesai":"2025-02-02","total_bayar":"700000","rating":"8","komentar":"gud"}
{"kode_transaksi":"37","id_cucian":"16","id_agen":"17","id_pelanggan":"17","tgl_mulai":"2025-02-02","tgl_selesai":"2025-02-02","total_bayar":"700000","rating":"6","komentar":"gud"}
{"kode_transaksi":"38","id_cucian":"16","id_agen":"17","id_pelanggan":"17","tgl_mulai":"2025-02-02","tgl_selesai":"2025-02-02","total_bayar":"700000","rating":"10","komentar":"gud"}
{"kode_transaksi":"39","id_cucian":"17","id_agen":"18","id_pelanggan":"17","tgl_mulai":"2025-02-02","tgl_selesai":"2025-02-02","total_bayar":"0","rating":"8","komentar":"ad"}
{"kode_transaksi":"40","id_cucian":"18","id_agen":"18","id_pelanggan":"17","tgl_mulai":"2025-02-02","tgl_selesai":"2025-02-02","total_bayar":"0","rating":"6","komentar":"adw"}
{"kode_transaksi":"41","id_cucian":"19","id_agen":"18","id_pelanggan":"17","tgl_mulai":"2025-02-02","tgl_selesai":"2025-02-02","total_bayar":"0","rating":"8","komentar":"adaw"}
{"kode_transaksi":"42","id_cucian":"20","id_agen":"18","id_pelanggan":"17","tgl_mulai":"2025-02-02","tgl_selesai":"2025-02-02","total_bayar":"700000","rating":"10","komentar":"anjayyyyyyy"}
{"kode_transaksi":"43","id_cucian":"21","id_agen":"18","id_pelanggan":"17","tgl_mulai":"2025-02-02","tgl_selesai":"2025-02-02","total_bayar":"700000","rating":"8","komentar":"anjayyyyyyy"}
{"kode_transaksi":"44","id_cucian":"23","id_agen":"17","id_pelanggan":"20","tgl_mulai":"2025-02-03","tgl_selesai":"2025-02-03","total_bayar":"700000","rating":"10","komentar":"nice"}
{"kode_transaksi":"45","id_cucian":"24","id_agen":"17","id_pelanggan":"20","tgl_mulai":"2025-02-03","tgl_selesai":"2025-02-03","total_bayar":"350000","rating":"0","komentar":""}
{"kode_transaksi":"46","id_cucian":"25","id_agen":"17","id_pelanggan":"20","tgl_mulai":"2025-02-03","tgl_selesai":"2025-02-03","total_bayar":"350000","rating":"0","komentar":""}
Query: SELECT * FROM transaksi WHERE tgl_mulai BETWEEN '2025-02-02' AND '2025-02-03'
{"kode_transaksi":"26","id_cucian":"15","id_agen":"17","id_pelanggan":"17","tgl_mulai":"2025-02-02","tgl_selesai":"2025-02-02","total_bayar":"0","rating":"8","komentar":"mantap\r\n"}
{"kode_transaksi":"27","id_cucian":"16","id_agen":"17","id_pelanggan":"17","tgl_mulai":"2025-02-02","tgl_selesai":"2025-02-02","total_bayar":"700000","rating":"10","komentar":"mantap"}
{"kode_transaksi":"28","id_cucian":"16","id_agen":"17","id_pelanggan":"17","tgl_mulai":"2025-02-02","tgl_selesai":"2025-02-02","total_bayar":"700000","rating":"2","komentar":"gud"}
{"kode_transaksi":"29","id_cucian":"16","id_agen":"17","id_pelanggan":"17","tgl_mulai":"2025-02-02","tgl_selesai":"2025-02-02","total_bayar":"700000","rating":"10","komentar":"gud"}
{"kode_transaksi":"30","id_cucian":"16","id_agen":"17","id_pelanggan":"17","tgl_mulai":"2025-02-02","tgl_selesai":"2025-02-02","total_bayar":"700000","rating":"8","komentar":"gud"}
{"kode_transaksi":"31","id_cucian":"16","id_agen":"17","id_pelanggan":"17","tgl_mulai":"2025-02-02","tgl_selesai":"2025-02-02","total_bayar":"700000","rating":"10","komentar":"gud"}
{"kode_transaksi":"32","id_cucian":"16","id_agen":"17","id_pelanggan":"17","tgl_mulai":"2025-02-02","tgl_selesai":"2025-02-02","total_bayar":"700000","rating":"10","komentar":"gud"}
{"kode_transaksi":"33","id_cucian":"16","id_agen":"17","id_pelanggan":"17","tgl_mulai":"2025-02-02","tgl_selesai":"2025-02-02","total_bayar":"700000","rating":"8","komentar":"gud"}
{"kode_transaksi":"34","id_cucian":"16","id_agen":"17","id_pelanggan":"17","tgl_mulai":"2025-02-02","tgl_selesai":"2025-02-02","total_bayar":"700000","rating":"6","komentar":"gud"}
{"kode_transaksi":"35","id_cucian":"16","id_agen":"17","id_pelanggan":"17","tgl_mulai":"2025-02-02","tgl_selesai":"2025-02-02","total_bayar":"700000","rating":"10","komentar":"gud"}
{"kode_transaksi":"36","id_cucian":"16","id_agen":"17","id_pelanggan":"17","tgl_mulai":"2025-02-02","tgl_selesai":"2025-02-02","total_bayar":"700000","rating":"8","komentar":"gud"}
{"kode_transaksi":"37","id_cucian":"16","id_agen":"17","id_pelanggan":"17","tgl_mulai":"2025-02-02","tgl_selesai":"2025-02-02","total_bayar":"700000","rating":"6","komentar":"gud"}
{"kode_transaksi":"38","id_cucian":"16","id_agen":"17","id_pelanggan":"17","tgl_mulai":"2025-02-02","tgl_selesai":"2025-02-02","total_bayar":"700000","rating":"10","komentar":"gud"}
{"kode_transaksi":"39","id_cucian":"17","id_agen":"18","id_pelanggan":"17","tgl_mulai":"2025-02-02","tgl_selesai":"2025-02-02","total_bayar":"0","rating":"8","komentar":"ad"}
{"kode_transaksi":"40","id_cucian":"18","id_agen":"18","id_pelanggan":"17","tgl_mulai":"2025-02-02","tgl_selesai":"2025-02-02","total_bayar":"0","rating":"6","komentar":"adw"}
{"kode_transaksi":"41","id_cucian":"19","id_agen":"18","id_pelanggan":"17","tgl_mulai":"2025-02-02","tgl_selesai":"2025-02-02","total_bayar":"0","rating":"8","komentar":"adaw"}
{"kode_transaksi":"42","id_cucian":"20","id_agen":"18","id_pelanggan":"17","tgl_mulai":"2025-02-02","tgl_selesai":"2025-02-02","total_bayar":"700000","rating":"10","komentar":"anjayyyyyyy"}
{"kode_transaksi":"43","id_cucian":"21","id_agen":"18","id_pelanggan":"17","tgl_mulai":"2025-02-02","tgl_selesai":"2025-02-02","total_bayar":"700000","rating":"8","komentar":"anjayyyyyyy"}
{"kode_transaksi":"44","id_cucian":"23","id_agen":"17","id_pelanggan":"20","tgl_mulai":"2025-02-03","tgl_selesai":"2025-02-03","total_bayar":"700000","rating":"10","komentar":"nice"}
{"kode_transaksi":"45","id_cucian":"24","id_agen":"17","id_pelanggan":"20","tgl_mulai":"2025-02-03","tgl_selesai":"2025-02-03","total_bayar":"350000","rating":"0","komentar":""}
{"kode_transaksi":"46","id_cucian":"25","id_agen":"17","id_pelanggan":"20","tgl_mulai":"2025-02-03","tgl_selesai":"2025-02-03","total_bayar":"350000","rating":"0","komentar":""}
Query: SELECT * FROM transaksi WHERE tgl_mulai BETWEEN '2025-02-02' AND '2025-02-03'
{"kode_transaksi":"26","id_cucian":"15","id_agen":"17","id_pelanggan":"17","tgl_mulai":"2025-02-02","tgl_selesai":"2025-02-02","total_bayar":"0","rating":"8","komentar":"mantap\r\n"}
{"kode_transaksi":"27","id_cucian":"16","id_agen":"17","id_pelanggan":"17","tgl_mulai":"2025-02-02","tgl_selesai":"2025-02-02","total_bayar":"700000","rating":"10","komentar":"mantap"}
{"kode_transaksi":"28","id_cucian":"16","id_agen":"17","id_pelanggan":"17","tgl_mulai":"2025-02-02","tgl_selesai":"2025-02-02","total_bayar":"700000","rating":"2","komentar":"gud"}
{"kode_transaksi":"29","id_cucian":"16","id_agen":"17","id_pelanggan":"17","tgl_mulai":"2025-02-02","tgl_selesai":"2025-02-02","total_bayar":"700000","rating":"10","komentar":"gud"}
{"kode_transaksi":"30","id_cucian":"16","id_agen":"17","id_pelanggan":"17","tgl_mulai":"2025-02-02","tgl_selesai":"2025-02-02","total_bayar":"700000","rating":"8","komentar":"gud"}
{"kode_transaksi":"31","id_cucian":"16","id_agen":"17","id_pelanggan":"17","tgl_mulai":"2025-02-02","tgl_selesai":"2025-02-02","total_bayar":"700000","rating":"10","komentar":"gud"}
{"kode_transaksi":"32","id_cucian":"16","id_agen":"17","id_pelanggan":"17","tgl_mulai":"2025-02-02","tgl_selesai":"2025-02-02","total_bayar":"700000","rating":"10","komentar":"gud"}
{"kode_transaksi":"33","id_cucian":"16","id_agen":"17","id_pelanggan":"17","tgl_mulai":"2025-02-02","tgl_selesai":"2025-02-02","total_bayar":"700000","rating":"8","komentar":"gud"}
{"kode_transaksi":"34","id_cucian":"16","id_agen":"17","id_pelanggan":"17","tgl_mulai":"2025-02-02","tgl_selesai":"2025-02-02","total_bayar":"700000","rating":"6","komentar":"gud"}
{"kode_transaksi":"35","id_cucian":"16","id_agen":"17","id_pelanggan":"17","tgl_mulai":"2025-02-02","tgl_selesai":"2025-02-02","total_bayar":"700000","rating":"10","komentar":"gud"}
{"kode_transaksi":"36","id_cucian":"16","id_agen":"17","id_pelanggan":"17","tgl_mulai":"2025-02-02","tgl_selesai":"2025-02-02","total_bayar":"700000","rating":"8","komentar":"gud"}
{"kode_transaksi":"37","id_cucian":"16","id_agen":"17","id_pelanggan":"17","tgl_mulai":"2025-02-02","tgl_selesai":"2025-02-02","total_bayar":"700000","rating":"6","komentar":"gud"}
{"kode_transaksi":"38","id_cucian":"16","id_agen":"17","id_pelanggan":"17","tgl_mulai":"2025-02-02","tgl_selesai":"2025-02-02","total_bayar":"700000","rating":"10","komentar":"gud"}
{"kode_transaksi":"39","id_cucian":"17","id_agen":"18","id_pelanggan":"17","tgl_mulai":"2025-02-02","tgl_selesai":"2025-02-02","total_bayar":"0","rating":"8","komentar":"ad"}
{"kode_transaksi":"40","id_cucian":"18","id_agen":"18","id_pelanggan":"17","tgl_mulai":"2025-02-02","tgl_selesai":"2025-02-02","total_bayar":"0","rating":"6","komentar":"adw"}
{"kode_transaksi":"41","id_cucian":"19","id_agen":"18","id_pelanggan":"17","tgl_mulai":"2025-02-02","tgl_selesai":"2025-02-02","total_bayar":"0","rating":"8","komentar":"adaw"}
{"kode_transaksi":"42","id_cucian":"20","id_agen":"18","id_pelanggan":"17","tgl_mulai":"2025-02-02","tgl_selesai":"2025-02-02","total_bayar":"700000","rating":"10","komentar":"anjayyyyyyy"}
{"kode_transaksi":"43","id_cucian":"21","id_agen":"18","id_pelanggan":"17","tgl_mulai":"2025-02-02","tgl_selesai":"2025-02-02","total_bayar":"700000","rating":"8","komentar":"anjayyyyyyy"}
{"kode_transaksi":"44","id_cucian":"23","id_agen":"17","id_pelanggan":"20","tgl_mulai":"2025-02-03","tgl_selesai":"2025-02-03","total_bayar":"700000","rating":"10","komentar":"nice"}
{"kode_transaksi":"45","id_cucian":"24","id_agen":"17","id_pelanggan":"20","tgl_mulai":"2025-02-03","tgl_selesai":"2025-02-03","total_bayar":"350000","rating":"0","komentar":""}
{"kode_transaksi":"46","id_cucian":"25","id_agen":"17","id_pelanggan":"20","tgl_mulai":"2025-02-03","tgl_selesai":"2025-02-03","total_bayar":"350000","rating":"0","komentar":""}
